mode: set
github.com/pakkasys/fluidapi/endpoint/runner/inputlogic.go:71.27,72.43 1 1
github.com/pakkasys/fluidapi/endpoint/runner/inputlogic.go:72.43,76.3 1 1
github.com/pakkasys/fluidapi/endpoint/runner/inputlogic.go:103.22,131.30 6 1
github.com/pakkasys/fluidapi/endpoint/runner/inputlogic.go:131.30,133.3 1 1
github.com/pakkasys/fluidapi/endpoint/runner/inputlogic.go:135.2,135.17 1 1
github.com/pakkasys/fluidapi/endpoint/runner/inputlogic.go:164.22,169.16 1 1
github.com/pakkasys/fluidapi/endpoint/runner/inputlogic.go:169.16,178.3 1 1
github.com/pakkasys/fluidapi/endpoint/runner/inputlogic.go:180.2,188.3 1 1
github.com/pakkasys/fluidapi/endpoint/runner/inputlogic.go:215.22,220.16 1 1
github.com/pakkasys/fluidapi/endpoint/runner/inputlogic.go:220.16,228.3 1 1
github.com/pakkasys/fluidapi/endpoint/runner/inputlogic.go:230.2,238.3 1 1
github.com/pakkasys/fluidapi/endpoint/runner/inputlogic.go:270.22,275.16 1 1
github.com/pakkasys/fluidapi/endpoint/runner/inputlogic.go:275.16,283.3 1 1
github.com/pakkasys/fluidapi/endpoint/runner/inputlogic.go:285.2,293.3 1 1
github.com/pakkasys/fluidapi/endpoint/runner/inputlogic.go:327.36,333.16 2 1
github.com/pakkasys/fluidapi/endpoint/runner/inputlogic.go:333.16,335.3 1 1
github.com/pakkasys/fluidapi/endpoint/runner/inputlogic.go:337.2,337.22 1 1
github.com/pakkasys/fluidapi/endpoint/runner/inputlogic.go:337.22,342.3 1 1
github.com/pakkasys/fluidapi/endpoint/runner/inputlogic.go:343.2,343.57 1 1
github.com/pakkasys/fluidapi/endpoint/runner/inputlogic.go:343.57,345.3 1 1
github.com/pakkasys/fluidapi/endpoint/runner/inputlogic.go:347.2,348.16 2 1
github.com/pakkasys/fluidapi/endpoint/runner/inputlogic.go:348.16,350.3 1 1
github.com/pakkasys/fluidapi/endpoint/runner/inputlogic.go:352.2,357.8 1 1
github.com/pakkasys/fluidapi/endpoint/runner/inputlogic.go:365.39,367.16 2 1
github.com/pakkasys/fluidapi/endpoint/runner/inputlogic.go:367.16,369.3 1 1
github.com/pakkasys/fluidapi/endpoint/runner/inputlogic.go:370.2,370.27 1 1
github.com/pakkasys/fluidapi/endpoint/runner/inputlogic.go:370.27,372.3 1 1
github.com/pakkasys/fluidapi/endpoint/runner/inputlogic.go:374.2,375.16 2 1
github.com/pakkasys/fluidapi/endpoint/runner/inputlogic.go:375.16,377.3 1 1
github.com/pakkasys/fluidapi/endpoint/runner/inputlogic.go:378.2,378.25 1 1
github.com/pakkasys/fluidapi/endpoint/runner/inputlogic.go:378.25,380.3 1 1
github.com/pakkasys/fluidapi/endpoint/runner/inputlogic.go:382.2,386.8 1 1
github.com/pakkasys/fluidapi/endpoint/runner/inputlogic.go:395.39,397.16 2 1
github.com/pakkasys/fluidapi/endpoint/runner/inputlogic.go:397.16,399.3 1 1
github.com/pakkasys/fluidapi/endpoint/runner/inputlogic.go:400.2,400.27 1 1
github.com/pakkasys/fluidapi/endpoint/runner/inputlogic.go:400.27,402.3 1 1
github.com/pakkasys/fluidapi/endpoint/runner/inputlogic.go:404.2,409.16 2 1
github.com/pakkasys/fluidapi/endpoint/runner/inputlogic.go:409.16,411.3 1 1
github.com/pakkasys/fluidapi/endpoint/runner/inputlogic.go:413.2,419.8 1 1
github.com/pakkasys/fluidapi/endpoint/runner/invoke.go:66.15,68.16 2 1
github.com/pakkasys/fluidapi/endpoint/runner/invoke.go:68.16,70.3 1 0
github.com/pakkasys/fluidapi/endpoint/runner/invoke.go:72.2,80.16 2 1
github.com/pakkasys/fluidapi/endpoint/runner/invoke.go:80.16,82.3 1 0
github.com/pakkasys/fluidapi/endpoint/runner/invoke.go:84.2,84.48 1 1
github.com/pakkasys/fluidapi/endpoint/runner/invoke.go:93.28,95.16 2 1
github.com/pakkasys/fluidapi/endpoint/runner/invoke.go:95.16,97.3 1 0
github.com/pakkasys/fluidapi/endpoint/runner/invoke.go:99.2,104.16 2 1
github.com/pakkasys/fluidapi/endpoint/runner/invoke.go:104.16,106.3 1 0
github.com/pakkasys/fluidapi/endpoint/runner/invoke.go:108.2,108.39 1 1
github.com/pakkasys/fluidapi/endpoint/runner/invoke.go:117.28,119.16 2 1
github.com/pakkasys/fluidapi/endpoint/runner/invoke.go:119.16,121.3 1 0
github.com/pakkasys/fluidapi/endpoint/runner/invoke.go:123.2,128.16 2 1
github.com/pakkasys/fluidapi/endpoint/runner/invoke.go:128.16,130.3 1 0
github.com/pakkasys/fluidapi/endpoint/runner/invoke.go:132.2,132.39 1 1
github.com/pakkasys/fluidapi/endpoint/runner/invoke.go:142.26,143.29 1 1
github.com/pakkasys/fluidapi/endpoint/runner/invoke.go:143.29,144.24 1 0
github.com/pakkasys/fluidapi/endpoint/runner/invoke.go:144.24,146.4 1 0
github.com/pakkasys/fluidapi/endpoint/runner/invoke.go:148.3,153.17 2 0
github.com/pakkasys/fluidapi/endpoint/runner/invoke.go:153.17,155.4 1 0
github.com/pakkasys/fluidapi/endpoint/runner/invoke.go:157.3,157.25 1 0
github.com/pakkasys/fluidapi/endpoint/runner/invoke.go:158.8,159.23 1 1
github.com/pakkasys/fluidapi/endpoint/runner/invoke.go:159.23,161.4 1 0
github.com/pakkasys/fluidapi/endpoint/runner/invoke.go:163.3,175.17 2 1
github.com/pakkasys/fluidapi/endpoint/runner/invoke.go:175.17,177.4 1 0
github.com/pakkasys/fluidapi/endpoint/runner/invoke.go:179.3,179.38 1 1
